This file contains any messages produced by compilers while
running configure, to aid debugging if configure makes a mistake.

It was created by Kpathsea configure 6.4.1, which was
generated by GNU Autoconf 2.72.  Invocation command line was

  $ ./configure

## --------- ##
## Platform. ##
## --------- ##

hostname = TNQ-LTP-1257
uname -m = x86_64
uname -r = 6.8.0-57-generic
uname -s = Linux
uname -v = #59~22.04.1-Ubuntu SMP PREEMPT_DYNAMIC Wed Mar 19 17:07:41 UTC 2

/usr/bin/uname -p = x86_64
/bin/uname -X     = unknown

/bin/arch              = x86_64
/usr/bin/arch -k       = unknown
/usr/convex/getsysinfo = unknown
/usr/bin/hostinfo      = unknown
/bin/machine           = unknown
/usr/bin/oslevel       = unknown
/bin/universe          = unknown

PATH: /home/srikanth/.nvm/versions/node/v20.18.1/bin/
PATH: /usr/local/texlive/2024/bin/x86_64-linux/
PATH: /usr/local/texlive/2024/bin/x86_64-linux/
PATH: /home/srikanth/.local/bin/
PATH: /usr/local/sbin/
PATH: /usr/local/bin/
PATH: /usr/sbin/
PATH: /usr/bin/
PATH: /sbin/
PATH: /bin/
PATH: /usr/games/
PATH: /usr/local/games/
PATH: /snap/bin/
PATH: /snap/bin/


## ----------- ##
## Core tests. ##
## ----------- ##

configure:2981: looking for aux files: config.guess config.sub ltmain.sh ar-lib compile missing install-sh
configure:2994:  trying ./../../build-aux/
configure:3023:   ./../../build-aux/config.guess found
configure:3023:   ./../../build-aux/config.sub found
configure:3023:   ./../../build-aux/ltmain.sh found
configure:3023:   ./../../build-aux/ar-lib found
configure:3023:   ./../../build-aux/compile found
configure:3023:   ./../../build-aux/missing found
configure:3005:   ./../../build-aux/install-sh found
configure:3168: checking for a BSD-compatible install
configure:3242: result: /usr/bin/install -c
configure:3253: checking whether sleep supports fractional seconds
configure:3269: result: yes
configure:3272: checking filesystem timestamp resolution
configure:3407: result: 0.01
configure:3412: checking whether build environment is sane
configure:3453: result: yes
configure:3624: checking for a race-free mkdir -p
configure:3667: result: /usr/bin/mkdir -p
configure:3674: checking for gawk
configure:3710: result: no
configure:3674: checking for mawk
configure:3695: found /usr/bin/mawk
configure:3707: result: mawk
configure:3718: checking whether make sets $(MAKE)
configure:3742: result: yes
configure:3768: checking whether make supports nested variables
configure:3787: result: yes
configure:3801: checking xargs -n works
configure:3817: result: yes
configure:3841: checking whether make supports the include directive
configure:3856: make -f confmf.GNU && cat confinc.out
this is the am__doit target
configure:3859: $? = 0
configure:3878: result: yes (GNU style)
configure:3955: checking for gcc
configure:3976: found /usr/bin/gcc
configure:3988: result: gcc
configure:4347: checking for C compiler version
configure:4356: gcc --version >&5
gcc (Ubuntu 11.4.0-1ubuntu1~22.04) 11.4.0
Copyright (C) 2021 Free Software Foundation, Inc.
This is free software; see the source for copying conditions.  There is NO
warranty; not even for MERCHANTABILITY or FITNESS FOR A PARTICULAR PURPOSE.

configure:4367: $? = 0
configure:4356: gcc -v >&5
Using built-in specs.
COLLECT_GCC=gcc
COLLECT_LTO_WRAPPER=/usr/lib/gcc/x86_64-linux-gnu/11/lto-wrapper
OFFLOAD_TARGET_NAMES=nvptx-none:amdgcn-amdhsa
OFFLOAD_TARGET_DEFAULT=1
Target: x86_64-linux-gnu
Configured with: ../src/configure -v --with-pkgversion='Ubuntu 11.4.0-1ubuntu1~22.04' --with-bugurl=file:///usr/share/doc/gcc-11/README.Bugs --enable-languages=c,ada,c++,go,brig,d,fortran,objc,obj-c++,m2 --prefix=/usr --with-gcc-major-version-only --program-suffix=-11 --program-prefix=x86_64-linux-gnu- --enable-shared --enable-linker-build-id --libexecdir=/usr/lib --without-included-gettext --enable-threads=posix --libdir=/usr/lib --enable-nls --enable-bootstrap --enable-clocale=gnu --enable-libstdcxx-debug --enable-libstdcxx-time=yes --with-default-libstdcxx-abi=new --enable-gnu-unique-object --disable-vtable-verify --enable-plugin --enable-default-pie --with-system-zlib --enable-libphobos-checking=release --with-target-system-zlib=auto --enable-objc-gc=auto --enable-multiarch --disable-werror --enable-cet --with-arch-32=i686 --with-abi=m64 --with-multilib-list=m32,m64,mx32 --enable-multilib --with-tune=generic --enable-offload-targets=nvptx-none=/build/gcc-11-XeT9lY/gcc-11-11.4.0/debian/tmp-nvptx/usr,amdgcn-amdhsa=/build/gcc-11-XeT9lY/gcc-11-11.4.0/debian/tmp-gcn/usr --without-cuda-driver --enable-checking=release --build=x86_64-linux-gnu --host=x86_64-linux-gnu --target=x86_64-linux-gnu --with-build-config=bootstrap-lto-lean --enable-link-serialization=2
Thread model: posix
Supported LTO compression algorithms: zlib zstd
gcc version 11.4.0 (Ubuntu 11.4.0-1ubuntu1~22.04) 
... rest of stderr output deleted ...
configure:4367: $? = 0
configure:4356: gcc -V >&5
gcc: error: unrecognized command-line option '-V'
gcc: fatal error: no input files
compilation terminated.
configure:4367: $? = 1
configure:4356: gcc -qversion >&5
gcc: error: unrecognized command-line option '-qversion'; did you mean '--version'?
gcc: fatal error: no input files
compilation terminated.
configure:4367: $? = 1
configure:4356: gcc -version >&5
gcc: error: unrecognized command-line option '-version'
gcc: fatal error: no input files
compilation terminated.
configure:4367: $? = 1
configure:4387: checking whether the C compiler works
configure:4409: gcc    conftest.c  >&5
configure:4413: $? = 0
configure:4464: result: yes
configure:4468: checking for C compiler default output file name
configure:4470: result: a.out
configure:4476: checking for suffix of executables
configure:4483: gcc -o conftest    conftest.c  >&5
configure:4487: $? = 0
configure:4511: result: 
configure:4535: checking whether we are cross compiling
configure:4543: gcc -o conftest    conftest.c  >&5
configure:4547: $? = 0
configure:4554: ./conftest
configure:4558: $? = 0
configure:4573: result: no
configure:4579: checking for suffix of object files
configure:4602: gcc -c   conftest.c >&5
configure:4606: $? = 0
configure:4630: result: o
configure:4634: checking whether the compiler supports GNU C
configure:4654: gcc -c   conftest.c >&5
configure:4654: $? = 0
configure:4666: result: yes
configure:4677: checking whether gcc accepts -g
configure:4698: gcc -c -g  conftest.c >&5
configure:4698: $? = 0
configure:4745: result: yes
configure:4765: checking for gcc option to enable C11 features
configure:4780: gcc  -c -g -O2  conftest.c >&5
configure:4780: $? = 0
configure:4799: result: none needed
configure:4923: checking whether gcc understands -c and -o together
configure:4946: gcc -c conftest.c -o conftest2.o
configure:4949: $? = 0
configure:4946: gcc -c conftest.c -o conftest2.o
configure:4949: $? = 0
configure:4962: result: yes
configure:4981: checking dependency style of gcc
configure:5094: result: gcc3
configure:5114: checking for stdio.h
configure:5114: gcc -c -g -O2  conftest.c >&5
configure:5114: $? = 0
configure:5114: result: yes
configure:5114: checking for stdlib.h
configure:5114: gcc -c -g -O2  conftest.c >&5
configure:5114: $? = 0
configure:5114: result: yes
configure:5114: checking for string.h
configure:5114: gcc -c -g -O2  conftest.c >&5
configure:5114: $? = 0
configure:5114: result: yes
configure:5114: checking for inttypes.h
configure:5114: gcc -c -g -O2  conftest.c >&5
configure:5114: $? = 0
configure:5114: result: yes
configure:5114: checking for stdint.h
configure:5114: gcc -c -g -O2  conftest.c >&5
configure:5114: $? = 0
configure:5114: result: yes
configure:5114: checking for strings.h
configure:5114: gcc -c -g -O2  conftest.c >&5
configure:5114: $? = 0
configure:5114: result: yes
configure:5114: checking for sys/stat.h
configure:5114: gcc -c -g -O2  conftest.c >&5
configure:5114: $? = 0
configure:5114: result: yes
configure:5114: checking for sys/types.h
configure:5114: gcc -c -g -O2  conftest.c >&5
configure:5114: $? = 0
configure:5114: result: yes
configure:5114: checking for unistd.h
configure:5114: gcc -c -g -O2  conftest.c >&5
configure:5114: $? = 0
configure:5114: result: yes
configure:5114: checking for wchar.h
configure:5114: gcc -c -g -O2  conftest.c >&5
configure:5114: $? = 0
configure:5114: result: yes
configure:5114: checking for minix/config.h
configure:5114: gcc -c -g -O2  conftest.c >&5
conftest.c:47:10: fatal error: minix/config.h: No such file or directory
   47 | #include <minix/config.h>
      |          ^~~~~~~~~~~~~~~~
compilation terminated.
configure:5114: $? = 1
configure: failed program was:
| /* confdefs.h */
| #define PACKAGE_NAME "Kpathsea"
| #define PACKAGE_TARNAME "kpathsea"
| #define PACKAGE_VERSION "6.4.1"
| #define PACKAGE_STRING "Kpathsea 6.4.1"
| #define PACKAGE_BUGREPORT "tex-k@tug.org"
| #define PACKAGE_URL ""
| #define HAVE_STDIO_H 1
| #define HAVE_STDLIB_H 1
| #define HAVE_STRING_H 1
| #define HAVE_INTTYPES_H 1
| #define HAVE_STDINT_H 1
| #define HAVE_STRINGS_H 1
| #define HAVE_SYS_STAT_H 1
| #define HAVE_SYS_TYPES_H 1
| #define HAVE_UNISTD_H 1
| #define HAVE_WCHAR_H 1
| /* end confdefs.h.  */
| #include <stddef.h>
| #ifdef HAVE_STDIO_H
| # include <stdio.h>
| #endif
| #ifdef HAVE_STDLIB_H
| # include <stdlib.h>
| #endif
| #ifdef HAVE_STRING_H
| # include <string.h>
| #endif
| #ifdef HAVE_INTTYPES_H
| # include <inttypes.h>
| #endif
| #ifdef HAVE_STDINT_H
| # include <stdint.h>
| #endif
| #ifdef HAVE_STRINGS_H
| # include <strings.h>
| #endif
| #ifdef HAVE_SYS_TYPES_H
| # include <sys/types.h>
| #endif
| #ifdef HAVE_SYS_STAT_H
| # include <sys/stat.h>
| #endif
| #ifdef HAVE_UNISTD_H
| # include <unistd.h>
| #endif
| #include <minix/config.h>
configure:5114: result: no
configure:5145: checking whether it is safe to define __EXTENSIONS__
configure:5164: gcc -c -g -O2  conftest.c >&5
configure:5164: $? = 0
configure:5174: result: yes
configure:5177: checking whether _XOPEN_SOURCE should be defined
configure:5199: gcc -c -g -O2  conftest.c >&5
configure:5199: $? = 0
configure:5228: result: no
configure:5337: checking build system type
configure:5353: result: x86_64-pc-linux-gnu
configure:5373: checking host system type
configure:5388: result: x86_64-pc-linux-gnu
configure:5429: checking how to print strings
configure:5456: result: printf
configure:5477: checking for a sed that does not truncate output
configure:5549: result: /usr/bin/sed
configure:5567: checking for grep that handles long lines and -e
configure:5633: result: /usr/bin/grep
configure:5638: checking for egrep
configure:5708: result: /usr/bin/grep -E
configure:5715: checking for fgrep
configure:5785: result: /usr/bin/grep -F
configure:5822: checking for ld used by gcc
configure:5891: result: /usr/bin/ld
configure:5898: checking if the linker (/usr/bin/ld) is GNU ld
configure:5915: result: yes
configure:5927: checking for BSD- or MS-compatible name lister (nm)
configure:5983: result: /usr/bin/nm -B
configure:6125: checking the name lister (/usr/bin/nm -B) interface
configure:6133: gcc -c -g -O2  conftest.c >&5
configure:6136: /usr/bin/nm -B "conftest.o"
configure:6139: output
0000000000000000 B some_variable
configure:6147: result: BSD nm
configure:6150: checking whether ln -s works
configure:6154: result: yes
configure:6162: checking the maximum length of command line arguments
configure:6295: result: 1572864
configure:6343: checking how to convert x86_64-pc-linux-gnu file names to x86_64-pc-linux-gnu format
configure:6385: result: func_convert_file_noop
configure:6392: checking how to convert x86_64-pc-linux-gnu file names to toolchain format
configure:6414: result: func_convert_file_noop
configure:6421: checking for /usr/bin/ld option to reload object files
configure:6430: result: -r
configure:6463: checking for file
configure:6484: found /usr/bin/file
configure:6497: result: file
configure:6560: checking for objdump
configure:6581: found /usr/bin/objdump
configure:6593: result: objdump
configure:6622: checking how to recognize dependent libraries
configure:6831: result: pass_all
configure:6922: checking for dlltool
configure:6958: result: no
configure:6985: checking how to associate runtime and link libraries
configure:7014: result: printf %s\n
configure:7074: checking for ranlib
configure:7095: found /usr/bin/ranlib
configure:7107: result: ranlib
configure:7184: checking for ar
configure:7205: found /usr/bin/ar
configure:7217: result: ar
configure:7270: checking for archiver @FILE support
configure:7288: gcc -c -g -O2  conftest.c >&5
configure:7288: $? = 0
configure:7292: ar cr libconftest.a @conftest.lst >&5
configure:7295: $? = 0
configure:7300: ar cr libconftest.a @conftest.lst >&5
ar: conftest.o: No such file or directory
configure:7303: $? = 1
configure:7316: result: @
configure:7380: checking for strip
configure:7401: found /usr/bin/strip
configure:7413: result: strip
configure:7516: checking command to parse /usr/bin/nm -B output from gcc object
configure:7670: gcc -c -g -O2  conftest.c >&5
configure:7673: $? = 0
configure:7677: /usr/bin/nm -B conftest.o | /usr/bin/sed -n -e 's/^.*[	 ]\([ABCDGIRSTW][ABCDGIRSTW]*\)[	 ][	 ]*\([_A-Za-z][_A-Za-z0-9]*\)$/\1 \2 \2/p' | /usr/bin/sed '/ __gnu_lto/d' > conftest.nm
configure:7743: gcc -o conftest -g -O2   conftest.c conftstm.o >&5
configure:7746: $? = 0
configure:7785: result: ok
configure:7832: checking for sysroot
configure:7866: result: no
configure:7873: checking for a working dd
configure:7918: result: /usr/bin/dd
configure:7922: checking how to truncate binary pipes
configure:7939: result: /usr/bin/dd bs=4096 count=1
configure:8076: gcc -c -g -O2  conftest.c >&5
configure:8079: $? = 0
configure:8279: checking for mt
configure:8300: found /usr/bin/mt
configure:8312: result: mt
configure:8335: checking if mt is a manifest tool
configure:8342: mt '-?'
configure:8351: result: no
configure:9144: checking for dlfcn.h
configure:9144: gcc -c -g -O2  conftest.c >&5
configure:9144: $? = 0
configure:9144: result: yes
configure:9152: checking for gcc options needed to detect all undeclared functions
configure:9174: gcc -c -g -O2   conftest.c >&5
conftest.c: In function 'main':
conftest.c:42:8: error: 'strchr' undeclared (first use in this function)
   42 | (void) strchr;
      |        ^~~~~~
conftest.c:1:1: note: 'strchr' is defined in header '<string.h>'; did you forget to '#include <string.h>'?
    1 | /* confdefs.h */
conftest.c:42:8: note: each undeclared identifier is reported only once for each function it appears in
   42 | (void) strchr;
      |        ^~~~~~
configure:9174: $? = 1
configure: failed program was:
| /* confdefs.h */
| #define PACKAGE_NAME "Kpathsea"
| #define PACKAGE_TARNAME "kpathsea"
| #define PACKAGE_VERSION "6.4.1"
| #define PACKAGE_STRING "Kpathsea 6.4.1"
| #define PACKAGE_BUGREPORT "tex-k@tug.org"
| #define PACKAGE_URL ""
| #define HAVE_STDIO_H 1
| #define HAVE_STDLIB_H 1
| #define HAVE_STRING_H 1
| #define HAVE_INTTYPES_H 1
| #define HAVE_STDINT_H 1
| #define HAVE_STRINGS_H 1
| #define HAVE_SYS_STAT_H 1
| #define HAVE_SYS_TYPES_H 1
| #define HAVE_UNISTD_H 1
| #define HAVE_WCHAR_H 1
| #define STDC_HEADERS 1
| #define _ALL_SOURCE 1
| #define _DARWIN_C_SOURCE 1
| #define _GNU_SOURCE 1
| #define _HPUX_ALT_XOPEN_SOCKET_API 1
| #define _NETBSD_SOURCE 1
| #define _OPENBSD_SOURCE 1
| #define _POSIX_PTHREAD_SEMANTICS 1
| #define __STDC_WANT_IEC_60559_ATTRIBS_EXT__ 1
| #define __STDC_WANT_IEC_60559_BFP_EXT__ 1
| #define __STDC_WANT_IEC_60559_DFP_EXT__ 1
| #define __STDC_WANT_IEC_60559_EXT__ 1
| #define __STDC_WANT_IEC_60559_FUNCS_EXT__ 1
| #define __STDC_WANT_IEC_60559_TYPES_EXT__ 1
| #define __STDC_WANT_LIB_EXT2__ 1
| #define __STDC_WANT_MATH_SPEC_FUNCS__ 1
| #define _TANDEM_SOURCE 1
| #define __EXTENSIONS__ 1
| #define HAVE_DLFCN_H 1
| /* end confdefs.h.  */
| 
| int
| main (void)
| {
| (void) strchr;
|   ;
|   return 0;
| }
configure:9201: gcc -c -g -O2   conftest.c >&5
configure:9201: $? = 0
configure:9221: result: none needed
tldbg:KPSE_COMMON called (pkg=kpathsea, amopt=)
tldbg:KPSE_BASIC called (pkg=kpathsea, amopt=)
configure:9330: checking whether to enable maintainer-specific portions of Makefiles
configure:9341: result: no
configure:9359: checking whether the compiler accepts prototypes
configure:9376: gcc -o conftest -g -O2   conftest.c  >&5
configure:9376: $? = 0
configure:9387: result: yes
configure:9394: checking what warning flags to pass to the C compiler
configure:9441: result: -Wimplicit -Wreturn-type
tldbg:KPSE_BASIC done (pkg=kpathsea, amopt=)
configure:9571: checking the archiver (ar) interface
configure:9588: gcc -c -g -O2  conftest.c >&5
configure:9588: $? = 0
configure:9591: ar cr libconftest.a conftest.o >&5
configure:9594: $? = 0
configure:9623: result: ar
configure:10275: checking for objdir
configure:10292: result: .libs
configure:10558: checking if gcc supports -fno-rtti -fno-exceptions
configure:10577: gcc -c -g -O2  -fno-rtti -fno-exceptions conftest.c >&5
cc1: warning: command-line option '-fno-rtti' is valid for C++/D/ObjC++ but not for C
configure:10581: $? = 0
configure:10595: result: no
configure:10968: checking for gcc option to produce PIC
configure:10977: result: -fPIC -DPIC
configure:10985: checking if gcc PIC flag -fPIC -DPIC works
configure:11004: gcc -c -g -O2  -fPIC -DPIC -DPIC conftest.c >&5
configure:11008: $? = 0
configure:11022: result: yes
configure:11051: checking if gcc static flag -static works
configure:11081: result: yes
configure:11096: checking if gcc supports -c -o file.o
configure:11118: gcc -c -g -O2  -o out/conftest2.o conftest.c >&5
configure:11122: $? = 0
configure:11145: result: yes
configure:11153: checking if gcc supports -c -o file.o
configure:11202: result: yes
configure:11235: checking whether the gcc linker (/usr/bin/ld -m elf_x86_64) supports shared libraries
configure:12519: result: yes
configure:12556: checking whether -lc should be explicitly linked in
configure:12565: gcc -c -g -O2  conftest.c >&5
configure:12568: $? = 0
configure:12583: gcc -shared  -fPIC -DPIC conftest.o  -v -Wl,-soname -Wl,conftest -o conftest 2\>\&1 \| /usr/bin/grep  -lc  \>/dev/null 2\>\&1
configure:12586: $? = 0
configure:12601: result: no
configure:12761: checking dynamic linker characteristics
configure:13380: gcc -o conftest -g -O2   -Wl,-rpath -Wl,/foo conftest.c  >&5
configure:13380: $? = 0
configure:14145: result: GNU/Linux ld.so
configure:14267: checking how to hardcode library paths into programs
configure:14292: result: immediate
configure:14892: checking whether stripping libraries is possible
configure:14901: result: yes
configure:14943: checking if libtool supports shared libraries
configure:14945: result: yes
configure:14948: checking whether to build shared libraries
configure:14973: result: yes
configure:14976: checking whether to build static libraries
configure:14980: result: yes
configure:15025: checking for gcc option to enable large file support
configure:15060: gcc -c -g -O2  conftest.c >&5
configure:15060: $? = 0
configure:15066: gcc -DFTYPE=ino_t -c -g -O2  conftest.c >&5
configure:15066: $? = 0
configure:15091: result: none needed
configure:15193: checking for declarations of fseeko and ftello
configure:15226: gcc -c -g -O2  conftest.c >&5
configure:15226: $? = 0
configure:15272: result: yes
configure:15290: checking for dirent.h that defines DIR
configure:15310: gcc -c -g -O2  conftest.c >&5
configure:15310: $? = 0
configure:15321: result: yes
configure:15335: checking for library containing opendir
configure:15371: gcc -o conftest -g -O2   conftest.c  >&5
configure:15371: $? = 0
configure:15393: result: none required
configure:15472: checking whether closedir returns void
configure:15493: gcc -c -g -O2  conftest.c >&5
conftest.c: In function 'main':
conftest.c:50:10: warning: argument 1 null where non-null expected [-Wnonnull]
   50 |   return closedir(0);
      |          ^~~~~~~~
In file included from conftest.c:44:
/usr/include/dirent.h:149:12: note: in a call to function 'closedir' declared 'nonnull'
  149 | extern int closedir (DIR *__dirp) __nonnull ((1));
      |            ^~~~~~~~
configure:15493: $? = 0
configure:15503: result: no
configure:15511: checking for assert.h
configure:15511: gcc -c -g -O2  conftest.c >&5
configure:15511: $? = 0
configure:15511: result: yes
configure:15517: checking for float.h
configure:15517: gcc -c -g -O2  conftest.c >&5
configure:15517: $? = 0
configure:15517: result: yes
configure:15523: checking for limits.h
configure:15523: gcc -c -g -O2  conftest.c >&5
configure:15523: $? = 0
configure:15523: result: yes
configure:15529: checking for pwd.h
configure:15529: gcc -c -g -O2  conftest.c >&5
configure:15529: $? = 0
configure:15529: result: yes
configure:15535: checking for stdlib.h
configure:15535: result: yes
configure:15541: checking for sys/param.h
configure:15541: gcc -c -g -O2  conftest.c >&5
configure:15541: $? = 0
configure:15541: result: yes
configure:15548: checking for putenv
configure:15548: gcc -o conftest -g -O2   conftest.c  >&5
configure:15548: $? = 0
configure:15548: result: yes
configure:15555: checking for getcwd
configure:15555: gcc -o conftest -g -O2   conftest.c  >&5
configure:15555: $? = 0
configure:15555: result: yes
configure:15561: checking for getwd
configure:15561: gcc -o conftest -g -O2   conftest.c  >&5
/usr/bin/ld: /tmp/ccjIY8kR.o: in function `main':
/data/neopage/repos/texlive-source/texk/kpathsea/conftest.c:78: warning: the `getwd' function is dangerous and should not be used.
configure:15561: $? = 0
configure:15561: result: yes
configure:15567: checking for memcmp
configure:15567: gcc -o conftest -g -O2   conftest.c  >&5
conftest.c:68:6: warning: conflicting types for built-in function 'memcmp'; expected 'int(const void *, const void *, long unsigned int)' [-Wbuiltin-declaration-mismatch]
   68 | char memcmp (void);
      |      ^~~~~~
conftest.c:60:1: note: 'memcmp' is declared in header '<string.h>'
   59 | #include <limits.h>
   60 | #undef memcmp
configure:15567: $? = 0
configure:15567: result: yes
configure:15573: checking for memcpy
configure:15573: gcc -o conftest -g -O2   conftest.c  >&5
conftest.c:69:6: warning: conflicting types for built-in function 'memcpy'; expected 'void *(void *, const void *, long unsigned int)' [-Wbuiltin-declaration-mismatch]
   69 | char memcpy (void);
      |      ^~~~~~
conftest.c:61:1: note: 'memcpy' is declared in header '<string.h>'
   60 | #include <limits.h>
   61 | #undef memcpy
configure:15573: $? = 0
configure:15573: result: yes
configure:15579: checking for mkstemp
configure:15579: gcc -o conftest -g -O2   conftest.c  >&5
configure:15579: $? = 0
configure:15579: result: yes
configure:15585: checking for mktemp
configure:15585: gcc -o conftest -g -O2   conftest.c  >&5
/usr/bin/ld: /tmp/cct9oM5e.o: in function `main':
/data/neopage/repos/texlive-source/texk/kpathsea/conftest.c:82: warning: the use of `mktemp' is dangerous, better use `mkstemp' or `mkdtemp'
configure:15585: $? = 0
configure:15585: result: yes
configure:15591: checking for strchr
configure:15591: gcc -o conftest -g -O2   conftest.c  >&5
conftest.c:72:6: warning: conflicting types for built-in function 'strchr'; expected 'char *(const char *, int)' [-Wbuiltin-declaration-mismatch]
   72 | char strchr (void);
      |      ^~~~~~
conftest.c:64:1: note: 'strchr' is declared in header '<string.h>'
   63 | #include <limits.h>
   64 | #undef strchr
configure:15591: $? = 0
configure:15591: result: yes
configure:15597: checking for strrchr
configure:15597: gcc -o conftest -g -O2   conftest.c  >&5
conftest.c:73:6: warning: conflicting types for built-in function 'strrchr'; expected 'char *(const char *, int)' [-Wbuiltin-declaration-mismatch]
   73 | char strrchr (void);
      |      ^~~~~~~
conftest.c:65:1: note: 'strrchr' is declared in header '<string.h>'
   64 | #include <limits.h>
   65 | #undef strrchr
configure:15597: $? = 0
configure:15597: result: yes
configure:15604: checking for an ANSI C-conforming const
configure:15671: gcc -c -g -O2  conftest.c >&5
configure:15671: $? = 0
configure:15681: result: yes
configure:15689: checking for inline
configure:15706: gcc -c -g -O2  conftest.c >&5
configure:15706: $? = 0
configure:15716: result: inline
configure:15734: checking for size_t
configure:15734: gcc -c -g -O2  conftest.c >&5
configure:15734: $? = 0
configure:15734: gcc -c -g -O2  conftest.c >&5
conftest.c: In function 'main':
conftest.c:89:21: error: expected expression before ')' token
   89 | if (sizeof ((size_t)))
      |                     ^
configure:15734: $? = 1
configure: failed program was:
| /* confdefs.h */
| #define PACKAGE_NAME "Kpathsea"
| #define PACKAGE_TARNAME "kpathsea"
| #define PACKAGE_VERSION "6.4.1"
| #define PACKAGE_STRING "Kpathsea 6.4.1"
| #define PACKAGE_BUGREPORT "tex-k@tug.org"
| #define PACKAGE_URL ""
| #define HAVE_STDIO_H 1
| #define HAVE_STDLIB_H 1
| #define HAVE_STRING_H 1
| #define HAVE_INTTYPES_H 1
| #define HAVE_STDINT_H 1
| #define HAVE_STRINGS_H 1
| #define HAVE_SYS_STAT_H 1
| #define HAVE_SYS_TYPES_H 1
| #define HAVE_UNISTD_H 1
| #define HAVE_WCHAR_H 1
| #define STDC_HEADERS 1
| #define _ALL_SOURCE 1
| #define _DARWIN_C_SOURCE 1
| #define _GNU_SOURCE 1
| #define _HPUX_ALT_XOPEN_SOCKET_API 1
| #define _NETBSD_SOURCE 1
| #define _OPENBSD_SOURCE 1
| #define _POSIX_PTHREAD_SEMANTICS 1
| #define __STDC_WANT_IEC_60559_ATTRIBS_EXT__ 1
| #define __STDC_WANT_IEC_60559_BFP_EXT__ 1
| #define __STDC_WANT_IEC_60559_DFP_EXT__ 1
| #define __STDC_WANT_IEC_60559_EXT__ 1
| #define __STDC_WANT_IEC_60559_FUNCS_EXT__ 1
| #define __STDC_WANT_IEC_60559_TYPES_EXT__ 1
| #define __STDC_WANT_LIB_EXT2__ 1
| #define __STDC_WANT_MATH_SPEC_FUNCS__ 1
| #define _TANDEM_SOURCE 1
| #define __EXTENSIONS__ 1
| #define HAVE_DLFCN_H 1
| #define PACKAGE "kpathsea"
| #define VERSION "6.4.1"
| #define LT_OBJDIR ".libs/"
| #define HAVE_FSEEKO 1
| #define HAVE_DIRENT_H 1
| #define HAVE_ASSERT_H 1
| #define HAVE_FLOAT_H 1
| #define HAVE_LIMITS_H 1
| #define HAVE_PWD_H 1
| #define HAVE_STDLIB_H 1
| #define HAVE_SYS_PARAM_H 1
| #define HAVE_PUTENV 1
| #define HAVE_GETCWD 1
| #define HAVE_GETWD 1
| #define HAVE_MEMCMP 1
| #define HAVE_MEMCPY 1
| #define HAVE_MKSTEMP 1
| #define HAVE_MKTEMP 1
| #define HAVE_STRCHR 1
| #define HAVE_STRRCHR 1
| /* end confdefs.h.  */
| #include <stddef.h>
| #ifdef HAVE_STDIO_H
| # include <stdio.h>
| #endif
| #ifdef HAVE_STDLIB_H
| # include <stdlib.h>
| #endif
| #ifdef HAVE_STRING_H
| # include <string.h>
| #endif
| #ifdef HAVE_INTTYPES_H
| # include <inttypes.h>
| #endif
| #ifdef HAVE_STDINT_H
| # include <stdint.h>
| #endif
| #ifdef HAVE_STRINGS_H
| # include <strings.h>
| #endif
| #ifdef HAVE_SYS_TYPES_H
| # include <sys/types.h>
| #endif
| #ifdef HAVE_SYS_STAT_H
| # include <sys/stat.h>
| #endif
| #ifdef HAVE_UNISTD_H
| # include <unistd.h>
| #endif
| int
| main (void)
| {
| if (sizeof ((size_t)))
| 	    return 0;
|   ;
|   return 0;
| }
configure:15734: result: yes
configure:15745: checking for int64_t
configure:15745: gcc -c -g -O2  conftest.c >&5
configure:15745: $? = 0
configure:15745: gcc -c -g -O2  conftest.c >&5
conftest.c: In function 'main':
conftest.c:91:67: warning: integer overflow in expression of type 'long int' results in '-9223372036854775808' [-Woverflow]
   91 |                  < (int64_t) (((((int64_t) 1 << N) << N) - 1) * 2 + 2))];
      |                                                                   ^
conftest.c:90:12: error: storage size of 'test_array' isn't constant
   90 | static int test_array [1 - 2 * !((int64_t) (((((int64_t) 1 << N) << N) - 1) * 2 + 1)
      |            ^~~~~~~~~~
configure:15745: $? = 1
configure: failed program was:
| /* confdefs.h */
| #define PACKAGE_NAME "Kpathsea"
| #define PACKAGE_TARNAME "kpathsea"
| #define PACKAGE_VERSION "6.4.1"
| #define PACKAGE_STRING "Kpathsea 6.4.1"
| #define PACKAGE_BUGREPORT "tex-k@tug.org"
| #define PACKAGE_URL ""
| #define HAVE_STDIO_H 1
| #define HAVE_STDLIB_H 1
| #define HAVE_STRING_H 1
| #define HAVE_INTTYPES_H 1
| #define HAVE_STDINT_H 1
| #define HAVE_STRINGS_H 1
| #define HAVE_SYS_STAT_H 1
| #define HAVE_SYS_TYPES_H 1
| #define HAVE_UNISTD_H 1
| #define HAVE_WCHAR_H 1
| #define STDC_HEADERS 1
| #define _ALL_SOURCE 1
| #define _DARWIN_C_SOURCE 1
| #define _GNU_SOURCE 1
| #define _HPUX_ALT_XOPEN_SOCKET_API 1
| #define _NETBSD_SOURCE 1
| #define _OPENBSD_SOURCE 1
| #define _POSIX_PTHREAD_SEMANTICS 1
| #define __STDC_WANT_IEC_60559_ATTRIBS_EXT__ 1
| #define __STDC_WANT_IEC_60559_BFP_EXT__ 1
| #define __STDC_WANT_IEC_60559_DFP_EXT__ 1
| #define __STDC_WANT_IEC_60559_EXT__ 1
| #define __STDC_WANT_IEC_60559_FUNCS_EXT__ 1
| #define __STDC_WANT_IEC_60559_TYPES_EXT__ 1
| #define __STDC_WANT_LIB_EXT2__ 1
| #define __STDC_WANT_MATH_SPEC_FUNCS__ 1
| #define _TANDEM_SOURCE 1
| #define __EXTENSIONS__ 1
| #define HAVE_DLFCN_H 1
| #define PACKAGE "kpathsea"
| #define VERSION "6.4.1"
| #define LT_OBJDIR ".libs/"
| #define HAVE_FSEEKO 1
| #define HAVE_DIRENT_H 1
| #define HAVE_ASSERT_H 1
| #define HAVE_FLOAT_H 1
| #define HAVE_LIMITS_H 1
| #define HAVE_PWD_H 1
| #define HAVE_STDLIB_H 1
| #define HAVE_SYS_PARAM_H 1
| #define HAVE_PUTENV 1
| #define HAVE_GETCWD 1
| #define HAVE_GETWD 1
| #define HAVE_MEMCMP 1
| #define HAVE_MEMCPY 1
| #define HAVE_MKSTEMP 1
| #define HAVE_MKTEMP 1
| #define HAVE_STRCHR 1
| #define HAVE_STRRCHR 1
| /* end confdefs.h.  */
| #include <stddef.h>
| #ifdef HAVE_STDIO_H
| # include <stdio.h>
| #endif
| #ifdef HAVE_STDLIB_H
| # include <stdlib.h>
| #endif
| #ifdef HAVE_STRING_H
| # include <string.h>
| #endif
| #ifdef HAVE_INTTYPES_H
| # include <inttypes.h>
| #endif
| #ifdef HAVE_STDINT_H
| # include <stdint.h>
| #endif
| #ifdef HAVE_STRINGS_H
| # include <strings.h>
| #endif
| #ifdef HAVE_SYS_TYPES_H
| # include <sys/types.h>
| #endif
| #ifdef HAVE_SYS_STAT_H
| # include <sys/stat.h>
| #endif
| #ifdef HAVE_UNISTD_H
| # include <unistd.h>
| #endif
| 	        enum { N = 64 / 2 - 1 };
| int
| main (void)
| {
| static int test_array [1 - 2 * !((int64_t) (((((int64_t) 1 << N) << N) - 1) * 2 + 1)
| 		 < (int64_t) (((((int64_t) 1 << N) << N) - 1) * 2 + 2))];
| test_array [0] = 0;
| return test_array [0];
| 
|   ;
|   return 0;
| }
configure:15745: result: yes
configure:15754: checking for uint64_t
configure:15754: gcc -c -g -O2  conftest.c >&5
configure:15754: $? = 0
configure:15754: result: yes
configure:15772: checking whether isascii is declared
configure:15772: gcc -c -g -O2   conftest.c >&5
configure:15772: $? = 0
configure:15772: result: yes
configure:15783: checking for struct stat.st_mtim
configure:15783: gcc -c -g -O2  conftest.c >&5
conftest.c: In function 'main':
conftest.c:91:5: error: used struct type value where scalar is required
   91 | if (ac_aggr.st_mtim)
      |     ^~~~~~~
configure:15783: $? = 1
configure: failed program was:
| /* confdefs.h */
| #define PACKAGE_NAME "Kpathsea"
| #define PACKAGE_TARNAME "kpathsea"
| #define PACKAGE_VERSION "6.4.1"
| #define PACKAGE_STRING "Kpathsea 6.4.1"
| #define PACKAGE_BUGREPORT "tex-k@tug.org"
| #define PACKAGE_URL ""
| #define HAVE_STDIO_H 1
| #define HAVE_STDLIB_H 1
| #define HAVE_STRING_H 1
| #define HAVE_INTTYPES_H 1
| #define HAVE_STDINT_H 1
| #define HAVE_STRINGS_H 1
| #define HAVE_SYS_STAT_H 1
| #define HAVE_SYS_TYPES_H 1
| #define HAVE_UNISTD_H 1
| #define HAVE_WCHAR_H 1
| #define STDC_HEADERS 1
| #define _ALL_SOURCE 1
| #define _DARWIN_C_SOURCE 1
| #define _GNU_SOURCE 1
| #define _HPUX_ALT_XOPEN_SOCKET_API 1
| #define _NETBSD_SOURCE 1
| #define _OPENBSD_SOURCE 1
| #define _POSIX_PTHREAD_SEMANTICS 1
| #define __STDC_WANT_IEC_60559_ATTRIBS_EXT__ 1
| #define __STDC_WANT_IEC_60559_BFP_EXT__ 1
| #define __STDC_WANT_IEC_60559_DFP_EXT__ 1
| #define __STDC_WANT_IEC_60559_EXT__ 1
| #define __STDC_WANT_IEC_60559_FUNCS_EXT__ 1
| #define __STDC_WANT_IEC_60559_TYPES_EXT__ 1
| #define __STDC_WANT_LIB_EXT2__ 1
| #define __STDC_WANT_MATH_SPEC_FUNCS__ 1
| #define _TANDEM_SOURCE 1
| #define __EXTENSIONS__ 1
| #define HAVE_DLFCN_H 1
| #define PACKAGE "kpathsea"
| #define VERSION "6.4.1"
| #define LT_OBJDIR ".libs/"
| #define HAVE_FSEEKO 1
| #define HAVE_DIRENT_H 1
| #define HAVE_ASSERT_H 1
| #define HAVE_FLOAT_H 1
| #define HAVE_LIMITS_H 1
| #define HAVE_PWD_H 1
| #define HAVE_STDLIB_H 1
| #define HAVE_SYS_PARAM_H 1
| #define HAVE_PUTENV 1
| #define HAVE_GETCWD 1
| #define HAVE_GETWD 1
| #define HAVE_MEMCMP 1
| #define HAVE_MEMCPY 1
| #define HAVE_MKSTEMP 1
| #define HAVE_MKTEMP 1
| #define HAVE_STRCHR 1
| #define HAVE_STRRCHR 1
| #define HAVE_DECL_ISASCII 1
| /* end confdefs.h.  */
| #include <stddef.h>
| #ifdef HAVE_STDIO_H
| # include <stdio.h>
| #endif
| #ifdef HAVE_STDLIB_H
| # include <stdlib.h>
| #endif
| #ifdef HAVE_STRING_H
| # include <string.h>
| #endif
| #ifdef HAVE_INTTYPES_H
| # include <inttypes.h>
| #endif
| #ifdef HAVE_STDINT_H
| # include <stdint.h>
| #endif
| #ifdef HAVE_STRINGS_H
| # include <strings.h>
| #endif
| #ifdef HAVE_SYS_TYPES_H
| # include <sys/types.h>
| #endif
| #ifdef HAVE_SYS_STAT_H
| # include <sys/stat.h>
| #endif
| #ifdef HAVE_UNISTD_H
| # include <unistd.h>
| #endif
| int
| main (void)
| {
| static struct stat ac_aggr;
| if (ac_aggr.st_mtim)
| return 0;
|   ;
|   return 0;
| }
configure:15783: gcc -c -g -O2  conftest.c >&5
configure:15783: $? = 0
configure:15783: result: yes
configure:15952: checking for gawk
configure:15985: result: mawk
configure:16001: checking size of long
configure:16007: gcc -o conftest -g -O2   conftest.c  >&5
configure:16007: $? = 0
configure:16007: ./conftest
configure:16007: $? = 0
configure:16024: result: 8
configure:16033: checking whether putenv is declared
configure:16033: gcc -c -g -O2   conftest.c >&5
configure:16033: $? = 0
configure:16033: result: yes
configure:16043: checking for putenv
configure:16043: result: yes
configure:16061: checking whether getcwd uses fork or vfork
configure:16086: gcc -o conftest -g -O2   conftest.c  >&5
configure:16086: $? = 0
configure:16086: ./conftest
configure:16086: $? = 0
configure:16100: result: no
configure:16109: checking for native WIN32 or MINGW32
configure:16128: gcc -c -g -O2  conftest.c >&5
conftest.c:71:3: error: unknown type name 'choke'
   71 |   choke me
      |   ^~~~~
conftest.c:71:11: error: expected ';' before 'int'
   71 |   choke me
      |           ^
      |           ;
   72 | #endif
   73 | int
      | ~~~        
configure:16128: $? = 1
configure: failed program was:
| /* confdefs.h */
| #define PACKAGE_NAME "Kpathsea"
| #define PACKAGE_TARNAME "kpathsea"
| #define PACKAGE_VERSION "6.4.1"
| #define PACKAGE_STRING "Kpathsea 6.4.1"
| #define PACKAGE_BUGREPORT "tex-k@tug.org"
| #define PACKAGE_URL ""
| #define HAVE_STDIO_H 1
| #define HAVE_STDLIB_H 1
| #define HAVE_STRING_H 1
| #define HAVE_INTTYPES_H 1
| #define HAVE_STDINT_H 1
| #define HAVE_STRINGS_H 1
| #define HAVE_SYS_STAT_H 1
| #define HAVE_SYS_TYPES_H 1
| #define HAVE_UNISTD_H 1
| #define HAVE_WCHAR_H 1
| #define STDC_HEADERS 1
| #define _ALL_SOURCE 1
| #define _DARWIN_C_SOURCE 1
| #define _GNU_SOURCE 1
| #define _HPUX_ALT_XOPEN_SOCKET_API 1
| #define _NETBSD_SOURCE 1
| #define _OPENBSD_SOURCE 1
| #define _POSIX_PTHREAD_SEMANTICS 1
| #define __STDC_WANT_IEC_60559_ATTRIBS_EXT__ 1
| #define __STDC_WANT_IEC_60559_BFP_EXT__ 1
| #define __STDC_WANT_IEC_60559_DFP_EXT__ 1
| #define __STDC_WANT_IEC_60559_EXT__ 1
| #define __STDC_WANT_IEC_60559_FUNCS_EXT__ 1
| #define __STDC_WANT_IEC_60559_TYPES_EXT__ 1
| #define __STDC_WANT_LIB_EXT2__ 1
| #define __STDC_WANT_MATH_SPEC_FUNCS__ 1
| #define _TANDEM_SOURCE 1
| #define __EXTENSIONS__ 1
| #define HAVE_DLFCN_H 1
| #define PACKAGE "kpathsea"
| #define VERSION "6.4.1"
| #define LT_OBJDIR ".libs/"
| #define HAVE_FSEEKO 1
| #define HAVE_DIRENT_H 1
| #define HAVE_ASSERT_H 1
| #define HAVE_FLOAT_H 1
| #define HAVE_LIMITS_H 1
| #define HAVE_PWD_H 1
| #define HAVE_STDLIB_H 1
| #define HAVE_SYS_PARAM_H 1
| #define HAVE_PUTENV 1
| #define HAVE_GETCWD 1
| #define HAVE_GETWD 1
| #define HAVE_MEMCMP 1
| #define HAVE_MEMCPY 1
| #define HAVE_MKSTEMP 1
| #define HAVE_MKTEMP 1
| #define HAVE_STRCHR 1
| #define HAVE_STRRCHR 1
| #define HAVE_DECL_ISASCII 1
| #define HAVE_STRUCT_STAT_ST_MTIM 1
| #define MAKE_TEX_MF_BY_DEFAULT 1
| #define MAKE_TEX_PK_BY_DEFAULT 1
| #define MAKE_TEX_TFM_BY_DEFAULT 1
| #define MAKE_OMEGA_OCP_BY_DEFAULT 1
| #define MAKE_OMEGA_OFM_BY_DEFAULT 1
| #define MAKE_TEX_FMT_BY_DEFAULT 1
| #define MAKE_TEX_TEX_BY_DEFAULT 0
| #define SIZEOF_LONG 8
| #define HAVE_DECL_PUTENV 1
| #define HAVE_PUTENV 1
| /* end confdefs.h.  */
| #ifndef WIN32
|   choke me
| #endif
| int
| main (void)
| {
| 
|   ;
|   return 0;
| }
configure:16158: result: no
configure:16198: checking for snprintf and vsnprintf
configure:16219: gcc -o conftest -g -O2   conftest.c  >&5
configure:16219: $? = 0
configure:16230: result: yes
configure:16253: gcc -o conftest -g -O2   conftest.c  >&5
conftest.c: In function 'main':
conftest.c:76:5: warning: '__builtin_snprintf' output truncated before the last format character [-Wformat-truncation=]
   76 | if (snprintf (buf, 1, "%s", "x") == 0 || buf[1] != 'b')
      |     ^~~~~~~~~~~~~~~~~~~~~~~~~~~~
In file included from /usr/include/stdio.h:894,
                 from conftest.c:71:
/usr/include/x86_64-linux-gnu/bits/stdio2.h:71:10: note: '__builtin_snprintf' output 2 bytes into a destination of size 1
   71 |   return __builtin___snprintf_chk (__s, __n, __USE_FORTIFY_LEVEL - 1,
      |          ^~~~~~~~~~~~~~~~~~~~~~~~~~~~~~~~~~~~~~~~~~~~~~~~~~~~~~~~~~~~
   72 |                                    __glibc_objsize (__s), __fmt,
      |                                    ~~~~~~~~~~~~~~~~~~~~~~~~~~~~~
   73 |                                    __va_arg_pack ());
      |                                    ~~~~~~~~~~~~~~~~~
configure:16253: $? = 0
configure:16253: ./conftest
configure:16253: $? = 0
configure:16265: checking if we need (v)snprintf wrapper functions
configure:16291: gcc -o conftest -g -O2   conftest.c  >&5
conftest.c: In function 'main':
conftest.c:76:23: warning: '__builtin_snprintf' output truncated before the last format character [-Wformat-truncation=]
   76 | snprintf (buf, 3, "xyz");
      |                       ^
In file included from /usr/include/stdio.h:894,
                 from conftest.c:71:
/usr/include/x86_64-linux-gnu/bits/stdio2.h:71:10: note: '__builtin_snprintf' output 4 bytes into a destination of size 3
   71 |   return __builtin___snprintf_chk (__s, __n, __USE_FORTIFY_LEVEL - 1,
      |          ^~~~~~~~~~~~~~~~~~~~~~~~~~~~~~~~~~~~~~~~~~~~~~~~~~~~~~~~~~~~
   72 |                                    __glibc_objsize (__s), __fmt,
      |                                    ~~~~~~~~~~~~~~~~~~~~~~~~~~~~~
   73 |                                    __va_arg_pack ());
      |                                    ~~~~~~~~~~~~~~~~~
conftest.c:78:71: warning: 'xyz' directive output truncated writing 3 bytes into a region of size 2 [-Wformat-truncation=]
   78 |                                                  snprintf (buf, 2, "xyz");
      |                                                                     ~~^
In file included from /usr/include/stdio.h:894,
                 from conftest.c:71:
/usr/include/x86_64-linux-gnu/bits/stdio2.h:71:10: note: '__builtin_snprintf' output 4 bytes into a destination of size 2
   71 |   return __builtin___snprintf_chk (__s, __n, __USE_FORTIFY_LEVEL - 1,
      |          ^~~~~~~~~~~~~~~~~~~~~~~~~~~~~~~~~~~~~~~~~~~~~~~~~~~~~~~~~~~~
   72 |                                    __glibc_objsize (__s), __fmt,
      |                                    ~~~~~~~~~~~~~~~~~~~~~~~~~~~~~
   73 |                                    __va_arg_pack ());
      |                                    ~~~~~~~~~~~~~~~~~
configure:16291: $? = 0
configure:16291: ./conftest
configure:16291: $? = 0
configure:16305: result: no
configure:16432: checking that generated files are newer than configure
configure:16438: result: done
configure:16495: creating ./config.status

## ---------------------- ##
## Running config.status. ##
## ---------------------- ##

This file was extended by Kpathsea config.status 6.4.1, which was
generated by GNU Autoconf 2.72.  Invocation command line was

  CONFIG_FILES    = 
  CONFIG_HEADERS  = 
  CONFIG_LINKS    = 
  CONFIG_COMMANDS = 
  $ ./config.status 

on TNQ-LTP-1257

config.status:1154: creating Makefile
config.status:1154: creating doc/Makefile
config.status:1154: creating man/Makefile
config.status:1154: creating win32/Makefile
config.status:1154: creating kpathsea.pc
config.status:1154: creating c-auto.h
config.status:1383: executing depfiles commands
config.status:1460: cd .       && sed -e '/# am--include-marker/d' Makefile         | make -f - am--depfiles
config.status:1465: $? = 0
config.status:1460: cd win32       && sed -e '/# am--include-marker/d' Makefile         | make -f - am--depfiles
config.status:1465: $? = 0
config.status:1383: executing libtool commands

## ---------------- ##
## Cache variables. ##
## ---------------- ##

ac_cv_build=x86_64-pc-linux-gnu
ac_cv_c_compiler_gnu=yes
ac_cv_c_const=yes
ac_cv_c_inline=inline
ac_cv_c_int64_t=yes
ac_cv_c_uint64_t=yes
ac_cv_c_undeclared_builtin_options='none needed'
ac_cv_env_CC_set=
ac_cv_env_CC_value=
ac_cv_env_CFLAGS_set=
ac_cv_env_CFLAGS_value=
ac_cv_env_CPPFLAGS_set=
ac_cv_env_CPPFLAGS_value=
ac_cv_env_LDFLAGS_set=
ac_cv_env_LDFLAGS_value=
ac_cv_env_LIBS_set=
ac_cv_env_LIBS_value=
ac_cv_env_LT_SYS_LIBRARY_PATH_set=
ac_cv_env_LT_SYS_LIBRARY_PATH_value=
ac_cv_env_build_alias_set=
ac_cv_env_build_alias_value=
ac_cv_env_host_alias_set=
ac_cv_env_host_alias_value=
ac_cv_env_target_alias_set=
ac_cv_env_target_alias_value=
ac_cv_func_closedir_void=no
ac_cv_func_fseeko_ftello=yes
ac_cv_func_getcwd=yes
ac_cv_func_getwd=yes
ac_cv_func_memcmp=yes
ac_cv_func_memcpy=yes
ac_cv_func_mkstemp=yes
ac_cv_func_mktemp=yes
ac_cv_func_putenv=yes
ac_cv_func_strchr=yes
ac_cv_func_strrchr=yes
ac_cv_have_decl_isascii=yes
ac_cv_have_decl_putenv=yes
ac_cv_header_assert_h=yes
ac_cv_header_dirent_dirent_h=yes
ac_cv_header_dlfcn_h=yes
ac_cv_header_float_h=yes
ac_cv_header_inttypes_h=yes
ac_cv_header_limits_h=yes
ac_cv_header_minix_config_h=no
ac_cv_header_pwd_h=yes
ac_cv_header_stdint_h=yes
ac_cv_header_stdio_h=yes
ac_cv_header_stdlib_h=yes
ac_cv_header_string_h=yes
ac_cv_header_strings_h=yes
ac_cv_header_sys_param_h=yes
ac_cv_header_sys_stat_h=yes
ac_cv_header_sys_types_h=yes
ac_cv_header_unistd_h=yes
ac_cv_header_wchar_h=yes
ac_cv_host=x86_64-pc-linux-gnu
ac_cv_member_struct_stat_st_mtim=yes
ac_cv_objext=o
ac_cv_path_EGREP='/usr/bin/grep -E'
ac_cv_path_EGREP_TRADITIONAL='/usr/bin/grep -E'
ac_cv_path_FGREP='/usr/bin/grep -F'
ac_cv_path_GREP=/usr/bin/grep
ac_cv_path_SED=/usr/bin/sed
ac_cv_path_install='/usr/bin/install -c'
ac_cv_path_lt_DD=/usr/bin/dd
ac_cv_path_mkdir=/usr/bin/mkdir
ac_cv_prog_AWK=mawk
ac_cv_prog_FILECMD=file
ac_cv_prog_ac_ct_AR=ar
ac_cv_prog_ac_ct_CC=gcc
ac_cv_prog_ac_ct_MANIFEST_TOOL=mt
ac_cv_prog_ac_ct_OBJDUMP=objdump
ac_cv_prog_ac_ct_RANLIB=ranlib
ac_cv_prog_ac_ct_STRIP=strip
ac_cv_prog_cc_c11=
ac_cv_prog_cc_g=yes
ac_cv_prog_cc_stdc=
ac_cv_prog_make_make_set=yes
ac_cv_safe_to_define___extensions__=yes
ac_cv_search_opendir='none required'
ac_cv_should_define__xopen_source=no
ac_cv_sizeof_long=8
ac_cv_sys_largefile_opts='none needed'
ac_cv_type_size_t=yes
am_cv_CC_dependencies_compiler_type=gcc3
am_cv_ar_interface=ar
am_cv_filesystem_timestamp_resolution=0.01
am_cv_make_support_nested_variables=yes
am_cv_prog_cc_c_o=yes
am_cv_sleep_fractional_seconds=yes
am_cv_xargs_n_works=yes
kb_cv_c_prototypes=yes
kb_cv_func_getcwd_forks=no
kpse_cv_have_snfuncs=yes
kpse_cv_have_win32=no
kpse_cv_warning_cflags='-Wimplicit -Wreturn-type'
kpse_cv_wrap_snprintf=no
lt_cv_ar_at_file=@
lt_cv_archive_cmds_need_lc=no
lt_cv_deplibs_check_method=pass_all
lt_cv_file_magic_cmd='$MAGIC_CMD'
lt_cv_file_magic_test_file=
lt_cv_ld_reload_flag=-r
lt_cv_nm_interface='BSD nm'
lt_cv_objdir=.libs
lt_cv_path_LD=/usr/bin/ld
lt_cv_path_NM='/usr/bin/nm -B'
lt_cv_path_manifest_tool=no
lt_cv_prog_compiler_c_o=yes
lt_cv_prog_compiler_pic='-fPIC -DPIC'
lt_cv_prog_compiler_pic_works=yes
lt_cv_prog_compiler_rtti_exceptions=no
lt_cv_prog_compiler_static_works=yes
lt_cv_prog_gnu_ld=yes
lt_cv_sharedlib_from_linklib_cmd='printf %s\n'
lt_cv_shlibpath_overrides_runpath=yes
lt_cv_sys_global_symbol_pipe='/usr/bin/sed -n -e '\''s/^.*[	 ]\([ABCDGIRSTW][ABCDGIRSTW]*\)[	 ][	 ]*\([_A-Za-z][_A-Za-z0-9]*\)$/\1 \2 \2/p'\'' | /usr/bin/sed '\''/ __gnu_lto/d'\'''
lt_cv_sys_global_symbol_to_c_name_address='/usr/bin/sed -n -e '\''s/^: \(.*\) .*$/  {"\1", (void *) 0},/p'\'' -e '\''s/^[ABCDGIRSTW][ABCDGIRSTW]* .* \(.*\)$/  {"\1", (void *) \&\1},/p'\'''
lt_cv_sys_global_symbol_to_c_name_address_lib_prefix='/usr/bin/sed -n -e '\''s/^: \(.*\) .*$/  {"\1", (void *) 0},/p'\'' -e '\''s/^[ABCDGIRSTW][ABCDGIRSTW]* .* \(lib.*\)$/  {"\1", (void *) \&\1},/p'\'' -e '\''s/^[ABCDGIRSTW][ABCDGIRSTW]* .* \(.*\)$/  {"lib\1", (void *) \&\1},/p'\'''
lt_cv_sys_global_symbol_to_cdecl='/usr/bin/sed -n -e '\''s/^T .* \(.*\)$/extern int \1();/p'\'' -e '\''s/^[ABCDGIRSTW][ABCDGIRSTW]* .* \(.*\)$/extern char \1;/p'\'''
lt_cv_sys_global_symbol_to_import=
lt_cv_sys_max_cmd_len=1572864
lt_cv_to_host_file_cmd=func_convert_file_noop
lt_cv_to_tool_file_cmd=func_convert_file_noop
lt_cv_truncate_bin='/usr/bin/dd bs=4096 count=1'

## ----------------- ##
## Output variables. ##
## ----------------- ##

ACLOCAL='${SHELL} '\''/data/neopage/repos/texlive-source/build-aux/missing'\'' aclocal-1.17'
AMDEPBACKSLASH='\'
AMDEP_FALSE='#'
AMDEP_TRUE=''
AMTAR='$${TAR-tar}'
AM_BACKSLASH='\'
AM_DEFAULT_V='$(AM_DEFAULT_VERBOSITY)'
AM_DEFAULT_VERBOSITY='1'
AM_V='$(V)'
AR='ar'
AS='as'
AUTOCONF='${SHELL} '\''/data/neopage/repos/texlive-source/build-aux/missing'\'' autoconf'
AUTOHEADER='${SHELL} '\''/data/neopage/repos/texlive-source/build-aux/missing'\'' autoheader'
AUTOMAKE='${SHELL} '\''/data/neopage/repos/texlive-source/build-aux/missing'\'' automake-1.17'
AWK='mawk'
CC='gcc'
CCDEPMODE='depmode=gcc3'
CFLAGS='-g -O2'
CPPFLAGS=''
CSCOPE='cscope'
CTAGS='ctags'
CYGPATH_W='echo'
DEFS='-DHAVE_CONFIG_H'
DEPDIR='.deps'
DLLTOOL='false'
DSYMUTIL=''
DUMPBIN=''
ECHO_C=''
ECHO_N='-n'
ECHO_T=''
EGREP='/usr/bin/grep -E'
ETAGS='etags'
EXEEXT=''
FGREP='/usr/bin/grep -F'
FILECMD='file'
GREP='/usr/bin/grep'
INSTALL_DATA='${INSTALL} -m 644'
INSTALL_PROGRAM='${INSTALL}'
INSTALL_SCRIPT='${INSTALL}'
INSTALL_STRIP_PROGRAM='$(install_sh) -c -s'
KPSEVERSION='6.4.1'
KPSE_LT_VERSINFO='10:1:4'
LD='/usr/bin/ld -m elf_x86_64'
LDFLAGS=''
LIBOBJS=''
LIBS=''
LIBTOOL='$(SHELL) $(top_builddir)/libtool'
LIPO=''
LN_S='ln -s'
LTLIBOBJS=''
LT_OBJDIR='.libs'
LT_SYS_LIBRARY_PATH=''
MAINT='#'
MAINTAINER_MODE_FALSE=''
MAINTAINER_MODE_TRUE='#'
MAKEINFO='${SHELL} '\''/data/neopage/repos/texlive-source/build-aux/missing'\'' makeinfo'
MANIFEST_TOOL=':'
MINGW32_FALSE=''
MINGW32_TRUE='#'
MKDIR_P='/usr/bin/mkdir -p'
NM='/usr/bin/nm -B'
NMEDIT=''
OBJDUMP='objdump'
OBJEXT='o'
OTOOL64=''
OTOOL=''
PACKAGE='kpathsea'
PACKAGE_BUGREPORT='tex-k@tug.org'
PACKAGE_NAME='Kpathsea'
PACKAGE_STRING='Kpathsea 6.4.1'
PACKAGE_TARNAME='kpathsea'
PACKAGE_URL=''
PACKAGE_VERSION='6.4.1'
PATH_SEPARATOR=':'
RANLIB='ranlib'
SED='/usr/bin/sed'
SET_MAKE=''
SHELL='/bin/bash'
STRIP='strip'
VERSION='6.4.1'
WARNING_CFLAGS='-Wimplicit -Wreturn-type'
WEB2CVERSION=' (TeX Live 2025)'
WIN32_FALSE=''
WIN32_TRUE='#'
ac_ct_AR='ar'
ac_ct_CC='gcc'
ac_ct_DUMPBIN=''
am__EXEEXT_FALSE=''
am__EXEEXT_TRUE='#'
am__fastdepCC_FALSE='#'
am__fastdepCC_TRUE=''
am__include='include'
am__isrc=''
am__leading_dot='.'
am__nodep='_no'
am__quote=''
am__rm_f_notfound=''
am__tar='$${TAR-tar} chof - "$$tardir"'
am__untar='$${TAR-tar} xf -'
am__xargs_n='xargs -n'
bindir='${exec_prefix}/bin'
build='x86_64-pc-linux-gnu'
build_alias=''
build_cpu='x86_64'
build_os='linux-gnu'
build_vendor='pc'
datadir='${datarootdir}'
datarootdir='${prefix}/share'
docdir='${datarootdir}/doc/${PACKAGE_TARNAME}'
dvidir='${docdir}'
exec_prefix='${prefix}'
have_EXEEXT_FALSE=''
have_EXEEXT_TRUE='#'
host='x86_64-pc-linux-gnu'
host_alias=''
host_cpu='x86_64'
host_os='linux-gnu'
host_vendor='pc'
htmldir='${docdir}'
includedir='${prefix}/include'
infodir='${datarootdir}/info'
install_sh='${SHELL} /data/neopage/repos/texlive-source/build-aux/install-sh'
libdir='${exec_prefix}/lib'
libexecdir='${exec_prefix}/libexec'
localedir='${datarootdir}/locale'
localstatedir='${prefix}/var'
mandir='${datarootdir}/man'
mkdir_p='$(MKDIR_P)'
oldincludedir='/usr/include'
pdfdir='${docdir}'
prefix='/usr/local'
program_transform_name='s,x,x,'
psdir='${docdir}'
runstatedir='${localstatedir}/run'
sbindir='${exec_prefix}/sbin'
sharedstatedir='${prefix}/com'
sysconfdir='${prefix}/etc'
target_alias=''

## ----------- ##
## confdefs.h. ##
## ----------- ##

/* confdefs.h */
#define PACKAGE_NAME "Kpathsea"
#define PACKAGE_TARNAME "kpathsea"
#define PACKAGE_VERSION "6.4.1"
#define PACKAGE_STRING "Kpathsea 6.4.1"
#define PACKAGE_BUGREPORT "tex-k@tug.org"
#define PACKAGE_URL ""
#define HAVE_STDIO_H 1
#define HAVE_STDLIB_H 1
#define HAVE_STRING_H 1
#define HAVE_INTTYPES_H 1
#define HAVE_STDINT_H 1
#define HAVE_STRINGS_H 1
#define HAVE_SYS_STAT_H 1
#define HAVE_SYS_TYPES_H 1
#define HAVE_UNISTD_H 1
#define HAVE_WCHAR_H 1
#define STDC_HEADERS 1
#define _ALL_SOURCE 1
#define _DARWIN_C_SOURCE 1
#define _GNU_SOURCE 1
#define _HPUX_ALT_XOPEN_SOCKET_API 1
#define _NETBSD_SOURCE 1
#define _OPENBSD_SOURCE 1
#define _POSIX_PTHREAD_SEMANTICS 1
#define __STDC_WANT_IEC_60559_ATTRIBS_EXT__ 1
#define __STDC_WANT_IEC_60559_BFP_EXT__ 1
#define __STDC_WANT_IEC_60559_DFP_EXT__ 1
#define __STDC_WANT_IEC_60559_EXT__ 1
#define __STDC_WANT_IEC_60559_FUNCS_EXT__ 1
#define __STDC_WANT_IEC_60559_TYPES_EXT__ 1
#define __STDC_WANT_LIB_EXT2__ 1
#define __STDC_WANT_MATH_SPEC_FUNCS__ 1
#define _TANDEM_SOURCE 1
#define __EXTENSIONS__ 1
#define HAVE_DLFCN_H 1
#define PACKAGE "kpathsea"
#define VERSION "6.4.1"
#define LT_OBJDIR ".libs/"
#define HAVE_FSEEKO 1
#define HAVE_DIRENT_H 1
#define HAVE_ASSERT_H 1
#define HAVE_FLOAT_H 1
#define HAVE_LIMITS_H 1
#define HAVE_PWD_H 1
#define HAVE_STDLIB_H 1
#define HAVE_SYS_PARAM_H 1
#define HAVE_PUTENV 1
#define HAVE_GETCWD 1
#define HAVE_GETWD 1
#define HAVE_MEMCMP 1
#define HAVE_MEMCPY 1
#define HAVE_MKSTEMP 1
#define HAVE_MKTEMP 1
#define HAVE_STRCHR 1
#define HAVE_STRRCHR 1
#define HAVE_DECL_ISASCII 1
#define HAVE_STRUCT_STAT_ST_MTIM 1
#define MAKE_TEX_MF_BY_DEFAULT 1
#define MAKE_TEX_PK_BY_DEFAULT 1
#define MAKE_TEX_TFM_BY_DEFAULT 1
#define MAKE_OMEGA_OCP_BY_DEFAULT 1
#define MAKE_OMEGA_OFM_BY_DEFAULT 1
#define MAKE_TEX_FMT_BY_DEFAULT 1
#define MAKE_TEX_TEX_BY_DEFAULT 0
#define SIZEOF_LONG 8
#define HAVE_DECL_PUTENV 1
#define HAVE_PUTENV 1

configure: exit 0
